<?xml version="1.0" encoding="UTF-8"?>
<!-- Generated by org.testng.reporters.JUnitXMLReporter -->
<testsuite ignored="0" hostname="DESKTOP-HP40EV9" failures="0" tests="7" name="Test" time="70.849" errors="0" timestamp="2023-10-27T15:45:39 IST">
  <testcase classname="testClass.TestClassForCreatingAccount" name="CreatingAccount" time="5.24"/>
  <testcase classname="testClass.LoginTestClass" name="CheckLoginFunctionality" time="1.256"/>
  <testcase classname="testClass.SearchAddEditDeleteTestClass" name="CheckSearchFunctionality" time="0.997"/>
  <testcase classname="testClass.SearchAddEditDeleteTestClass" name="CheckAddToCartFunctionality" time="2.152"/>
  <testcase classname="testClass.SearchAddEditDeleteTestClass" name="CheckEditFunctionality" time="5.196"/>
  <testcase classname="testClass.SearchAddEditDeleteTestClass" name="DeleteFunctionality" time="2.221"/>
  <testcase classname="testClass.NewTabAndWindowsHandlesTestClass" name="OpeningNewTabAndValidatiingText" time="13.918"/>
</testsuite> <!-- Test -->
